This is pdfTeX, Version 3.1415926-1.40.10 (TeX Live 2009/Debian) (format=pdflatex 2011.5.15)  22 JUN 2011 14:38
entering extended mode
 %&-line parsing enabled.
**book.main.tex
(./book.main.tex
LaTeX2e <2009/09/24>
Babel <v3.8l> and hyphenation patterns for english, usenglishmax, dumylang, noh
yphenation, hungarian, italian, ukenglish, pinyin, loaded.
(/usr/share/texmf-texlive/tex/latex/memoir/memoir.cls
Document Class: memoir 2009/09/21 v1.61803398b configurable book, report, artic
le document class
\onelineskip=\skip41
\lxvchars=\skip42
\xlvchars=\skip43
\@memcnta=\count79
\c@@memmarkcntra=\count80
(/usr/share/texmf-texlive/tex/generic/oberdiek/ifpdf.sty
Package: ifpdf 2009/04/10 v2.0 Provides the ifpdf switch (HO)
Package ifpdf Info: pdfTeX in pdf mode detected.
)
Class memoir Info: An `ifetex' package is being emulated on input line 251.

(/usr/share/texmf-texlive/tex/generic/ifxetex/ifxetex.sty
Package: ifxetex 2009/01/23 v0.5 Provides ifxetex conditional
)
(/usr/share/texmf-texlive/tex/generic/oberdiek/ifluatex.sty
Package: ifluatex 2009/04/17 v1.2 Provides the ifluatex switch (HO)
Package ifluatex Info: LuaTeX not detected.
)
\stockheight=\skip44
\stockwidth=\skip45
\trimtop=\skip46
\trimedge=\skip47

(/usr/share/texmf-texlive/tex/latex/etex-pkg/etex.sty
Package: etex 1998/03/26 v2.0 eTeX basic definition package (PEB)
\et@xins=\count81
)
(/usr/share/texmf-texlive/tex/latex/memoir/mem11.clo
File: mem11.clo 2008/01/30 v0.3 memoir class 11pt size option
)
\binding=\skip48
\spinemargin=\skip49
\foremargin=\skip50
\uppermargin=\skip51
\lowermargin=\skip52
\headdrop=\skip53
\normalrulethickness=\skip54
\headwidth=\skip55
\c@storedpagenumber=\count82
\memPD=\dimen102
\m@mabparskip=\skip56
\thanksmarkwidth=\skip57
\thanksmarksep=\skip58
\droptitle=\skip59
\c@book=\count83
\c@part=\count84
\c@chapter=\count85
\c@section=\count86
\c@subsection=\count87
\c@subsubsection=\count88
\c@paragraph=\count89
\c@subparagraph=\count90
\beforechapskip=\skip60
\midchapskip=\skip61
\afterchapskip=\skip62
\chapindent=\skip63
\bottomsectionskip=\skip64
\secindent=\skip65
\beforesecskip=\skip66
\aftersecskip=\skip67
\subsecindent=\skip68
\beforesubsecskip=\skip69
\aftersubsecskip=\skip70
\subsubsecindent=\skip71
\beforesubsubsecskip=\skip72
\aftersubsubsecskip=\skip73
\paraindent=\skip74
\beforeparaskip=\skip75
\afterparaskip=\skip76
\subparaindent=\skip77
\beforesubparaskip=\skip78
\aftersubparaskip=\skip79
\pfbreakskip=\skip80
\c@@ppsavesec=\count91
\c@@ppsaveapp=\count92
\ragrparindent=\dimen103
\everylistparindent=\dimen104
\parsepi=\skip81
\topsepi=\skip82
\itemsepi=\skip83
\parsepii=\skip84
\topsepii=\skip85
\topsepiii=\skip86
\itemsepii=\skip87
\itemsepiii=\skip88
\partopsepii=\skip89
\partopsepiii=\skip90
\m@msavetopsep=\skip91
\m@msavepartopsep=\skip92
\@enLab=\toks14
\abstitleskip=\skip93
\absleftindent=\skip94
\abs@leftindent=\dimen105
\absrightindent=\skip95
\absparindent=\skip96
\absparsep=\skip97
\c@vslineno=\count93
\c@poemline=\count94
\c@modulo@vs=\count95
\c@memfvsline=\count96
\vleftskip=\skip98
\vrightskip=\skip99
\stanzaskip=\skip100
\versewidth=\skip101
\vgap=\skip102
\vindent=\skip103
\vleftmargin=\dimen106
\c@verse=\count97
\c@chrsinstr=\count98
\beforepoemtitleskip=\skip104
\afterpoemtitleskip=\skip105
\c@poem=\count99
\beforePoemTitleskip=\skip106
\midPoemTitleskip=\skip107
\afterPoemTitleskip=\skip108
\col@sep=\dimen107
\extrarowheight=\dimen108
\NC@list=\toks15
\extratabsurround=\skip109
\backup@length=\skip110
\TX@col@width=\dimen109
\TX@old@table=\dimen110
\TX@old@col=\dimen111
\TX@target=\dimen112
\TX@delta=\dimen113
\TX@cols=\count100
\TX@ftn=\toks16
\heavyrulewidth=\dimen114
\lightrulewidth=\dimen115
\cmidrulewidth=\dimen116
\belowrulesep=\dimen117
\belowbottomsep=\dimen118
\aboverulesep=\dimen119
\abovetopsep=\dimen120
\cmidrulesep=\dimen121
\cmidrulekern=\dimen122
\defaultaddspace=\dimen123
\@cmidla=\count101
\@cmidlb=\count102
\@aboverulesep=\dimen124
\@belowrulesep=\dimen125
\@thisruleclass=\count103
\@lastruleclass=\count104
\@thisrulewidth=\dimen126
\ctableftskip=\skip111
\ctabrightskip=\skip112
\abovecolumnspenalty=\count105
\@linestogo=\count106
\@cellstogo=\count107
\@cellsincolumn=\count108
\crtok=\toks17
\@mincolumnwidth=\dimen127
\c@newflo@tctr=\count109
\@contcwidth=\skip113
\@contindw=\skip114
\abovecaptionskip=\skip115
\belowcaptionskip=\skip116
\subfloattopskip=\skip117
\subfloatcapskip=\skip118
\subfloatcaptopadj=\skip119
\subfloatbottomskip=\skip120
\subfloatlabelskip=\skip121
\subfloatcapmargin=\dimen128
\c@@contsubnum=\count110
\m@mscap@capbox=\box26
\m@mscap@fbox=\box27
\sidecapsep=\dimen129
\sidecapwidth=\dimen130
\m@m@tempdima=\dimen131
\m@mscapraise=\dimen132
\sidecapraise=\dimen133
\m@mscapmainwidth=\dimen134
\m@mscaplkern=\dimen135
\beforeepigraphskip=\skip122
\afterepigraphskip=\skip123
\epigraphwidth=\skip124
\epigraphrule=\skip125
LaTeX Info: Redefining \em on input line 7000.
LaTeX Info: Redefining \emph on input line 7008.
\tocentryskip=\skip126
\tocbaseline=\skip127
\cftparskip=\skip128
\cftbeforebookskip=\skip129
\cftbookindent=\dimen136
\cftbooknumwidth=\dimen137
\cftbeforepartskip=\skip130
\cftpartindent=\skip131
\cftpartnumwidth=\skip132
\cftbeforechapterskip=\skip133
\cftchapterindent=\skip134
\cftchapternumwidth=\skip135
\cftbeforesectionskip=\skip136
\cftsectionindent=\skip137
\cftsectionnumwidth=\skip138
\cftbeforesubsectionskip=\skip139
\cftsubsectionindent=\skip140
\cftsubsectionnumwidth=\skip141
\cftbeforesubsubsectionskip=\skip142
\cftsubsubsectionindent=\skip143
\cftsubsubsectionnumwidth=\skip144
\cftbeforeparagraphskip=\skip145
\cftparagraphindent=\skip146
\cftparagraphnumwidth=\skip147
\cftbeforesubparagraphskip=\skip148
\cftsubparagraphindent=\skip149
\cftsubparagraphnumwidth=\skip150
\prechapterprecisshift=\dimen138
\c@maxsecnumdepth=\count111
\bibindent=\dimen139
\bibitemsep=\skip151
\indexcolsep=\skip152
\indexrule=\skip153
\indexmarkstyle=\toks18
\@indexbox=\insert233
\glossarycolsep=\dimen140
\glossaryrule=\dimen141
\sideparvshift=\skip154
\sideins=\insert232
\sidebartopsep=\skip155
\sidebarhsep=\skip156
\sidebarvsep=\skip157
\sidebarwidth=\skip158
\footmarkwidth=\skip159
\footmarksep=\skip160
\footparindent=\skip161
\footinsdim=\skip162
\footinsv@r=\insert231
\@mpfootinsv@r=\insert230
\m@m@k=\count112
\m@m@h=\dimen142
\m@mipn@skip=\skip163
\c@pagenote=\count113
\every@verbatim=\toks19
\afterevery@verbatim=\toks20
\verbatim@line=\toks21
\tab@position=\count114
\verbatim@in@stream=\read1
\verbatimindent=\skip164
\verbatim@out=\write3
\bvboxsep=\skip165
\c@memfbvline=\count115
\c@bvlinectr=\count116
\bvnumlength=\skip166
\fb@frw=\dimen143
\fb@frh=\dimen144
\FrameRule=\dimen145
\FrameSep=\dimen146
\c@cp@cntr=\count117
LaTeX Info: Redefining \: on input line 10864.
LaTeX Info: Redefining \! on input line 10866.
\c@ism@mctr=\count118
\c@xsm@mctr=\count119
\c@csm@mctr=\count120
\c@ksm@mctr=\count121
\c@xksm@mctr=\count122
\c@cksm@mctr=\count123
\c@msm@mctr=\count124
\c@xmsm@mctr=\count125
\c@cmsm@mctr=\count126
\c@bsm@mctr=\count127
\c@workm@mctr=\count128
\c@sheetsequence=\count129
\c@lastsheet=\count130
\c@lastpage=\count131
\c@figure=\count132
\c@lofdepth=\count133
\cftbeforefigureskip=\skip167
\cftfigureindent=\skip168
\cftfigurenumwidth=\skip169
\c@table=\count134
\c@lotdepth=\count135
\cftbeforetableskip=\skip170
\cfttableindent=\skip171
\cfttablenumwidth=\skip172
Package abstract [2008/07/23] emulated by memoir.
Package appendix [2008/07/23] emulated by memoir.
Package array [2008/07/23] emulated by memoir.
Package booktabs [2008/07/23] emulated by memoir.
Package ccaption [2008/07/23] emulated by memoir.
Package changepage [2008/07/23] emulated by memoir.
Package chngcntr [2008/07/23] emulated by memoir.
Package chngpage [2008/07/23] emulated by memoir.
Package crop emulated by memoir.
Package dcolumn [2008/07/23] emulated by memoir.
Package delarray [2008/07/23] emulated by memoir.
Package enumerate [2008/07/23] emulated by memoir.
Package epigraph [2008/07/23] emulated by memoir.
Package ifmtarg [2008/07/23] emulated by memoir.
Package ifetex [2008/07/23] emulated by memoir.
Package index [2008/07/23] emulated by memoir.
Package makeidx [2008/07/23] emulated by memoir.
Package moreverb [2008/07/23] emulated by memoir.
Package mparhack [2008/07/23] emulated by memoir.
Package needspace [2008/07/23] emulated by memoir.
Package newfile [2008/07/23] emulated by memoir.
Package nextpage [2008/07/23] emulated by memoir.
Package pagenote [2008/07/23] emulated by memoir.
Package parskip [2008/07/23] emulated by memoir.
Package patchcmd [2008/07/23] emulated by memoir.
Package setspace [2008/07/23] emulated by memoir.
Package shortvrb [2008/07/23] emulated by memoir.
Package showidx [2008/07/23] emulated by memoir.
Package tabularx [2008/07/23] emulated by memoir.
Package titleref [2008/07/23] emulated by memoir.
Package titling [2008/07/23] emulated by memoir.
Package tocbibind [2008/07/23] emulated by memoir.
Package tocloft [2008/07/23] emulated by memoir.
Package verbatim [2008/07/23] emulated by memoir.
Package verse [2008/07/23] emulated by memoir.

(/usr/share/texmf-texlive/tex/latex/memoir/mempatch.sty
Package: mempatch 2009/07/24 v6.0f Patches for memoir class v1.6180339
)) (./mylayout.sty
Package: mylayout 

(/usr/share/texmf-texlive/tex/latex/nag/nag.sty
Package: nag 2009/07/30 0.62 warning about old commands (ulmi)
\c@nag@c=\count136
\c@nag@sins=\count137
)
(/usr/share/texmf-texlive/tex/latex/soul/soul.sty
Package: soul 2003/11/17 v2.4 letterspacing/underlining (mf)
\SOUL@word=\toks22
\SOUL@lasttoken=\toks23
\SOUL@cmds=\toks24
\SOUL@buffer=\toks25
\SOUL@token=\toks26
\SOUL@spaceskip=\skip173
\SOUL@ttwidth=\dimen147
\SOUL@uldp=\dimen148
\SOUL@ulht=\dimen149
)
(/usr/share/texmf-texlive/tex/latex/base/textcomp.sty
Package: textcomp 2005/09/27 v1.99g Standard LaTeX package
Package textcomp Info: Sub-encoding information:
(textcomp)               5 = only ISO-Adobe without \textcurrency
(textcomp)               4 = 5 + \texteuro
(textcomp)               3 = 4 + \textohm
(textcomp)               2 = 3 + \textestimated + \textcurrency
(textcomp)               1 = TS1 - \textcircled - \t
(textcomp)               0 = TS1 (full)
(textcomp)             Font families with sub-encoding setting implement
(textcomp)             only a restricted character set as indicated.
(textcomp)             Family '?' is the default used for unknown fonts.
(textcomp)             See the documentation for details.
Package textcomp Info: Setting ? sub-encoding to TS1/1 on input line 71.

(/usr/share/texmf-texlive/tex/latex/base/ts1enc.def
File: ts1enc.def 2001/06/05 v3.0e (jk/car/fm) Standard LaTeX file
)
LaTeX Info: Redefining \oldstylenums on input line 266.
Package textcomp Info: Setting cmr sub-encoding to TS1/0 on input line 281.
Package textcomp Info: Setting cmss sub-encoding to TS1/0 on input line 282.
Package textcomp Info: Setting cmtt sub-encoding to TS1/0 on input line 283.
Package textcomp Info: Setting cmvtt sub-encoding to TS1/0 on input line 284.
Package textcomp Info: Setting cmbr sub-encoding to TS1/0 on input line 285.
Package textcomp Info: Setting cmtl sub-encoding to TS1/0 on input line 286.
Package textcomp Info: Setting ccr sub-encoding to TS1/0 on input line 287.
Package textcomp Info: Setting ptm sub-encoding to TS1/4 on input line 288.
Package textcomp Info: Setting pcr sub-encoding to TS1/4 on input line 289.
Package textcomp Info: Setting phv sub-encoding to TS1/4 on input line 290.
Package textcomp Info: Setting ppl sub-encoding to TS1/3 on input line 291.
Package textcomp Info: Setting pag sub-encoding to TS1/4 on input line 292.
Package textcomp Info: Setting pbk sub-encoding to TS1/4 on input line 293.
Package textcomp Info: Setting pnc sub-encoding to TS1/4 on input line 294.
Package textcomp Info: Setting pzc sub-encoding to TS1/4 on input line 295.
Package textcomp Info: Setting bch sub-encoding to TS1/4 on input line 296.
Package textcomp Info: Setting put sub-encoding to TS1/5 on input line 297.
Package textcomp Info: Setting uag sub-encoding to TS1/5 on input line 298.
Package textcomp Info: Setting ugq sub-encoding to TS1/5 on input line 299.
Package textcomp Info: Setting ul8 sub-encoding to TS1/4 on input line 300.
Package textcomp Info: Setting ul9 sub-encoding to TS1/4 on input line 301.
Package textcomp Info: Setting augie sub-encoding to TS1/5 on input line 302.
Package textcomp Info: Setting dayrom sub-encoding to TS1/3 on input line 303.
Package textcomp Info: Setting dayroms sub-encoding to TS1/3 on input line 304.

Package textcomp Info: Setting pxr sub-encoding to TS1/0 on input line 305.
Package textcomp Info: Setting pxss sub-encoding to TS1/0 on input line 306.
Package textcomp Info: Setting pxtt sub-encoding to TS1/0 on input line 307.
Package textcomp Info: Setting txr sub-encoding to TS1/0 on input line 308.
Package textcomp Info: Setting txss sub-encoding to TS1/0 on input line 309.
Package textcomp Info: Setting txtt sub-encoding to TS1/0 on input line 310.
Package textcomp Info: Setting futs sub-encoding to TS1/4 on input line 311.
Package textcomp Info: Setting futx sub-encoding to TS1/4 on input line 312.
Package textcomp Info: Setting futj sub-encoding to TS1/4 on input line 313.
Package textcomp Info: Setting hlh sub-encoding to TS1/3 on input line 314.
Package textcomp Info: Setting hls sub-encoding to TS1/3 on input line 315.
Package textcomp Info: Setting hlst sub-encoding to TS1/3 on input line 316.
Package textcomp Info: Setting hlct sub-encoding to TS1/5 on input line 317.
Package textcomp Info: Setting hlx sub-encoding to TS1/5 on input line 318.
Package textcomp Info: Setting hlce sub-encoding to TS1/5 on input line 319.
Package textcomp Info: Setting hlcn sub-encoding to TS1/5 on input line 320.
Package textcomp Info: Setting hlcw sub-encoding to TS1/5 on input line 321.
Package textcomp Info: Setting hlcf sub-encoding to TS1/5 on input line 322.
Package textcomp Info: Setting pplx sub-encoding to TS1/3 on input line 323.
Package textcomp Info: Setting pplj sub-encoding to TS1/3 on input line 324.
Package textcomp Info: Setting ptmx sub-encoding to TS1/4 on input line 325.
Package textcomp Info: Setting ptmj sub-encoding to TS1/4 on input line 326.
)
(/usr/share/texmf-texlive/tex/latex/graphics/color.sty
Package: color 2005/11/14 v1.0j Standard LaTeX Color (DPC)

(/etc/texmf/tex/latex/config/color.cfg
File: color.cfg 2007/01/18 v1.5 color configuration of teTeX/TeXLive
)
Package color Info: Driver file: pdftex.def on input line 130.

(/usr/share/texmf-texlive/tex/latex/pdftex-def/pdftex.def
File: pdftex.def 2010/03/12 v0.04p Graphics/color for pdfTeX
\Gread@gobject=\count138
))
(/var/lib/texmf/tex/generic/babel/babel.sty
Package: babel 2008/07/06 v3.8l The Babel package

(/usr/share/texmf-texlive/tex/generic/babel/italian.ldf
Language: italian 2008/03/14 v1.2t Italian support from the babel system

(/usr/share/texmf-texlive/tex/generic/babel/babel.def
File: babel.def 2008/07/06 v3.8l Babel common definitions
\babel@savecnt=\count139
\U@D=\dimen150
)
Package babel Info: Making " an active character on input line 94.
))
(/usr/share/texmf-texlive/tex/latex/base/inputenc.sty
Package: inputenc 2008/03/30 v1.1d Input encoding file
\inpenc@prehook=\toks27
\inpenc@posthook=\toks28

(/usr/share/texmf-texlive/tex/latex/ucs/utf8x.def
File: utf8x.def 2004/10/17 UCS: Input encoding UTF-8
))
(/usr/share/texmf-texlive/tex/latex/ucs/ucs.sty
Package: ucs 2004/10/17 UCS: Unicode input support

(/usr/share/texmf-texlive/tex/latex/ucs/data/uni-global.def
File: uni-global.def 2004/10/17 UCS: Unicode global data
)
\uc@secondtry=\count140
\uc@combtoks=\toks29
\uc@combtoksb=\toks30
\uc@temptokena=\toks31
)
(/usr/share/texmf-texlive/tex/latex/base/fontenc.sty
Package: fontenc 2005/09/27 v1.99g Standard LaTeX package

(/usr/share/texmf-texlive/tex/latex/base/t1enc.def
File: t1enc.def 2005/09/27 v1.99g Standard LaTeX file
LaTeX Font Info:    Redeclaring font encoding T1 on input line 43.
)) (./fontsdef.fd
File: fontsdef.fd Font Definitions
)
(/usr/share/texmf-texlive/tex/latex/geometry/geometry.sty
Package: geometry 2008/12/21 v4.2 Page Geometry

(/usr/share/texmf-texlive/tex/latex/graphics/keyval.sty
Package: keyval 1999/03/16 v1.13 key=value parser (DPC)
\KV@toks@=\toks32
)
(/usr/share/texmf-texlive/tex/generic/oberdiek/ifvtex.sty
Package: ifvtex 2008/11/04 v1.4 Switches for detecting VTeX and its modes (HO)
Package ifvtex Info: VTeX not detected.
)
\Gm@cnth=\count141
\Gm@cntv=\count142
\c@Gm@tempcnt=\count143
\Gm@bindingoffset=\dimen151
\Gm@wd@mp=\dimen152
\Gm@odd@mp=\dimen153
\Gm@even@mp=\dimen154
\Gm@dimlist=\toks33

(/usr/share/texmf-texlive/tex/xelatex/xetexconfig/geometry.cfg))
(/usr/share/texmf-texlive/tex/latex/hyperref/hyperref.sty
Package: hyperref 2009/10/09 v6.79a Hypertext links for LaTeX

(/usr/share/texmf-texlive/tex/latex/oberdiek/hycolor.sty
Package: hycolor 2009/10/02 v1.5 Code for color options of hyperref/bookmark (H
O)

(/usr/share/texmf-texlive/tex/latex/oberdiek/xcolor-patch.sty
Package: xcolor-patch 2009/10/02 xcolor patch
))
\@linkdim=\dimen155
\Hy@linkcounter=\count144
\Hy@pagecounter=\count145

(/usr/share/texmf-texlive/tex/latex/hyperref/pd1enc.def
File: pd1enc.def 2009/10/09 v6.79a Hyperref: PDFDocEncoding definition (HO)
)
(/usr/share/texmf-texlive/tex/generic/oberdiek/etexcmds.sty
Package: etexcmds 2007/12/12 v1.2 Prefix for e-TeX command names (HO)

(/usr/share/texmf-texlive/tex/generic/oberdiek/infwarerr.sty
Package: infwarerr 2007/09/09 v1.2 Providing info/warning/message (HO)
)
Package etexcmds Info: Could not find \expanded.
(etexcmds)             That can mean that you are not using pdfTeX 1.50 or
(etexcmds)             that some package has redefined \expanded.
(etexcmds)             In the latter case, load this package earlier.
)
(/usr/share/texmf-texlive/tex/latex/latexconfig/hyperref.cfg
File: hyperref.cfg 2002/06/06 v1.2 hyperref configuration of TeXLive
)
(/usr/share/texmf-texlive/tex/latex/oberdiek/kvoptions.sty
Package: kvoptions 2009/08/13 v3.4 Keyval support for LaTeX options (HO)

(/usr/share/texmf-texlive/tex/generic/oberdiek/kvsetkeys.sty
Package: kvsetkeys 2009/07/30 v1.5 Key value parser with default handler suppor
t (HO)
))
Package hyperref Info: Hyper figures OFF on input line 2975.
Package hyperref Info: Link nesting OFF on input line 2980.
Package hyperref Info: Hyper index ON on input line 2983.
Package hyperref Info: Plain pages OFF on input line 2990.
Package hyperref Info: Backreferencing OFF on input line 2995.

Implicit mode ON; LaTeX internals redefined
Package hyperref Info: Bookmarks ON on input line 3191.
(/usr/share/texmf-texlive/tex/latex/ltxmisc/url.sty
\Urlmuskip=\muskip10
Package: url 2006/04/12  ver 3.3  Verb mode for urls, etc.
)
LaTeX Info: Redefining \url on input line 3428.

(/usr/share/texmf-texlive/tex/generic/oberdiek/bitset.sty
Package: bitset 2007/09/28 v1.0 Data type bit set (HO)

(/usr/share/texmf-texlive/tex/generic/oberdiek/intcalc.sty
Package: intcalc 2007/09/27 v1.1 Expandable integer calculations (HO)
)
(/usr/share/texmf-texlive/tex/generic/oberdiek/bigintcalc.sty
Package: bigintcalc 2007/11/11 v1.1 Expandable big integer calculations (HO)

(/usr/share/texmf-texlive/tex/generic/oberdiek/pdftexcmds.sty
Package: pdftexcmds 2009/09/23 v0.6 LuaTeX support for pdfTeX utility functions
 (HO)

(/usr/share/texmf-texlive/tex/generic/oberdiek/ltxcmds.sty
Package: ltxcmds 2009/08/05 v1.0 Some LaTeX kernel commands for general use (HO
)
)
Package pdftexcmds Info: LuaTeX not detected.
Package pdftexcmds Info: \pdf@primitive is available.
Package pdftexcmds Info: \pdf@ifprimitive is available.
)))
\Fld@menulength=\count146
\Field@Width=\dimen156
\Fld@charsize=\dimen157
\Field@toks=\toks34
Package hyperref Info: Hyper figures OFF on input line 4377.
Package hyperref Info: Link nesting OFF on input line 4382.
Package hyperref Info: Hyper index ON on input line 4385.
Package hyperref Info: backreferencing OFF on input line 4392.
Package hyperref Info: Link coloring OFF on input line 4397.
Package hyperref Info: Link coloring with OCG OFF on input line 4402.
Package hyperref Info: PDF/A mode OFF on input line 4407.

(/usr/share/texmf-texlive/tex/generic/oberdiek/atbegshi.sty
Package: atbegshi 2008/07/31 v1.9 At begin shipout hook (HO)
)
\Hy@abspage=\count147
\c@Item=\count148
)
(/usr/share/texmf-texlive/tex/latex/memoir/memhfixc.sty
Package: memhfixc 2009/02/06 v1.12 nameref/hyperref package fixes for memoir cl
ass
\c@memhycontfloat=\count149
)
*hyperref using default driver hpdftex*
(/usr/share/texmf-texlive/tex/latex/hyperref/hpdftex.def
File: hpdftex.def 2009/10/09 v6.79a Hyperref driver for pdfTeX
\Fld@listcount=\count150
)

Package hyperref Warning: Option `bookmarks' has already been used,
(hyperref)                setting the option has no effect on input line 39.

Package hyperref Info: Option `bookmarksopen' set `true' on input line 39.
Package hyperref Info: Option `pdftoolbar' set `true' on input line 39.
Package hyperref Info: Option `pdfmenubar' set `true' on input line 39.
Package hyperref Info: Option `colorlinks' set `true' on input line 39.
Package hyperref Info: Option `unicode' set `true' on input line 39.
(/usr/share/texmf-texlive/tex/latex/hyperref/puenc.def
File: puenc.def 2009/10/09 v6.79a Hyperref: PDF Unicode definition (HO)
)

Package hyperref Warning: Option `hyperindex' has already been used,
(hyperref)                setting the option has no effect on input line 39.

(/usr/share/texmf-texlive/tex/latex/oberdiek/bookmark.sty
Package: bookmark 2009/08/13 v1.5 PDF bookmarks (HO)

(/usr/share/texmf-texlive/tex/generic/oberdiek/pdfescape.sty
Package: pdfescape 2007/11/11 v1.8 Provides hex, PDF name and string conversion
s (HO)
)
(/usr/share/texmf-texlive/tex/latex/oberdiek/auxhook.sty
Package: auxhook 2007/04/06 v1.1 Hooks for auxiliary files (HO)
)
(/usr/share/texmf-texlive/tex/latex/oberdiek/bkm-pdftex.def
File: bkm-pdftex.def 2009/08/13 v1.5 bookmark driver for pdfTeX (HO)
\BKM@id=\count151
))
(/usr/share/texmf-texlive/tex/latex/footmisc/footmisc.sty
Package: footmisc 2009/09/15 v5.5a a miscellany of footnote facilities
\FN@temptoken=\toks35
\footnotemargin=\dimen158
\c@pp@next@reset=\count152
\c@@fnserial=\count153


LaTeX Warning: Command \@footnotemark  has changed.
               Check if current package is valid.

Package footmisc Info: Declaring symbol style bringhurst on input line 855.
Package footmisc Info: Declaring symbol style chicago on input line 863.
Package footmisc Info: Declaring symbol style wiley on input line 872.
Package footmisc Info: Declaring symbol style lamport-robust on input line 883.

Package footmisc Info: Declaring symbol style lamport* on input line 903.
Package footmisc Info: Declaring symbol style lamport*-robust on input line 924
.
)
Package footmisc Info: Declaring symbol style stars on input line 229.
 (/usr/share/texmf-texlive/tex/latex/microtype/microtype.sty
Package: microtype 2009/03/27 v2.3d Micro-typography with pdfTeX (RS)
\MT@toks=\toks36
\MT@count=\count154
LaTeX Info: Redefining \lsstyle on input line 1608.
LaTeX Info: Redefining \lslig on input line 1608.
\MT@outer@space=\skip174
LaTeX Info: Redefining \textls on input line 1616.
\MT@outer@kern=\dimen159
LaTeX Info: Redefining \textmicrotypecontext on input line 2167.
Package microtype Info: Loading configuration file microtype.cfg.

(/usr/share/texmf-texlive/tex/latex/microtype/microtype.cfg
File: microtype.cfg 2009/03/27 v2.3d microtype main configuration file (RS)
))) (./book.main.aux)
\openout1 = `book.main.aux'.

LaTeX Font Info:    Checking defaults for OML/cmm/m/it on input line 10.
LaTeX Font Info:    ... okay on input line 10.
LaTeX Font Info:    Checking defaults for T1/cmr/m/n on input line 10.
LaTeX Font Info:    ... okay on input line 10.
LaTeX Font Info:    Checking defaults for OT1/cmr/m/n on input line 10.
LaTeX Font Info:    ... okay on input line 10.
LaTeX Font Info:    Checking defaults for OMS/cmsy/m/n on input line 10.
LaTeX Font Info:    ... okay on input line 10.
LaTeX Font Info:    Checking defaults for OMX/cmex/m/n on input line 10.
LaTeX Font Info:    ... okay on input line 10.
LaTeX Font Info:    Checking defaults for U/cmr/m/n on input line 10.
LaTeX Font Info:    ... okay on input line 10.
LaTeX Font Info:    Checking defaults for TS1/cmr/m/n on input line 10.
LaTeX Font Info:    Try loading font information for TS1+cmr on input line 10.
 (/usr/share/texmf-texlive/tex/latex/base/ts1cmr.fd
File: ts1cmr.fd 1999/05/25 v2.5h Standard LaTeX font definitions
)
LaTeX Font Info:    ... okay on input line 10.
LaTeX Font Info:    Checking defaults for LGR/cmr/m/n on input line 10.
LaTeX Font Info:    Try loading font information for LGR+cmr on input line 10.

(/usr/share/texmf-texlive/tex/generic/babel/lgrcmr.fd
File: lgrcmr.fd 2008/06/17 v2.3 Greek Computer Modern
)
LaTeX Font Info:    ... okay on input line 10.
LaTeX Font Info:    Checking defaults for PD1/pdf/m/n on input line 10.
LaTeX Font Info:    ... okay on input line 10.
LaTeX Font Info:    Checking defaults for PU/pdf/m/n on input line 10.
LaTeX Font Info:    ... okay on input line 10.

(/usr/share/texmf/tex/context/base/supp-pdf.mkii
[Loading MPS to PDF converter (version 2006.09.02).]
\scratchcounter=\count155
\scratchdimen=\dimen160
\scratchbox=\box28
\nofMPsegments=\count156
\nofMParguments=\count157
\everyMPshowfont=\toks37
\MPscratchCnt=\count158
\MPscratchDim=\dimen161
\MPnumerator=\count159
\everyMPtoPDFconversion=\toks38
) (/usr/share/texmf-texlive/tex/latex/ucs/ucsencs.def
File: ucsencs.def 2003/11/29 Fixes to fontencodings LGR, T3

fontencoding LGR patched
)
*geometry auto-detecting driver*
*geometry detected driver: pdftex*
-------------------- Geometry parameters
paper: user defined
landscape: --
twocolumn: --
twoside: true
asymmetric: --
h-parts: 54.34477pt, 325.215pt, 54.06023pt
v-parts: 57.81598pt, 505.89pt, 86.72401pt
hmarginratio: --
vmarginratio: 2:3
lines: --
heightrounded: --
bindingoffset: 0.0pt
truedimen: --
includehead: --
includefoot: --
includemp: --
driver: pdftex
-------------------- Page layout dimensions and switches
\paperwidth  433.62pt
\paperheight 650.43pt
\textwidth  325.215pt
\textheight 505.89pt
\oddsidemargin  -17.92522pt
\evensidemargin -18.20976pt
\topmargin  -47.92781pt
\headheight 16.31996pt
\headsep    8.71033pt
\footskip   27.46295pt
\marginparwidth 111.0pt
\marginparsep   7.0pt
\columnsep  10.0pt
\skip\footins  12.0pt plus 4.0pt minus 4.0pt
\hoffset 0.0pt
\voffset 0.0pt
\mag 1000
\@twosidetrue \@mparswitchtrue 
(1in=72.27pt, 1cm=28.45pt)
-----------------------
Package hyperref Info: Link coloring ON on input line 10.
(/usr/share/texmf-texlive/tex/latex/hyperref/nameref.sty
Package: nameref 2007/05/29 v2.31 Cross-referencing by name of section

(/usr/share/texmf-texlive/tex/latex/oberdiek/refcount.sty
Package: refcount 2008/08/11 v3.1 Data extraction from references (HO)
)
\c@section@level=\count160
)
LaTeX Info: Redefining \ref on input line 10.
LaTeX Info: Redefining \pageref on input line 10.
\AtBeginShipoutBox=\box29

Redoing nameref's sectioning
Redoing nameref's label
LaTeX Info: Redefining \microtypecontext on input line 10.
Package microtype Info: Generating PDF output.
Package microtype Info: Character protrusion enabled (level 2).
Package microtype Info: Using default protrusion set `alltext'.
Package microtype Info: Automatic font expansion enabled (level 2),
(microtype)             stretch: 20, shrink: 20, step: 1, non-selected.
Package microtype Info: Using default expansion set `basictext'.
Package microtype Info: No tracking.
Package microtype Info: No adjustment of interword spacing.
Package microtype Info: No adjustment of character kerning.
Package microtype Info: Redefining babel's language switching commands.
(./src-tex/frontmatter_opening-pages.tex [1

] [2]
(/usr/share/texmf-texlive/tex/latex/ucs/data/uni-0.def
File: uni-0.def 2004/10/17 UCS: Unicode data U+0000..U+00FF
) [3{/home/rakuen/.texmf-var/fonts/map/pdftex/updmap/pdftex.map}] [4] [5]
LaTeX Font Info:    Try loading font information for TS1+gentium on input line 
39.
LaTeX Font Info:    No file TS1gentium.fd. on input line 39.


LaTeX Font Warning: Font shape `TS1/gentium/m/n' undefined
(Font)              using `TS1/cmr/m/n' instead
(Font)              for symbol `textcopyright' on input line 39.


LaTeX Font Warning: Font shape `TS1/cmr/m/n' in size <10.5> not available
(Font)              size <10.95> substituted on input line 39.

(/usr/share/texmf-texlive/tex/latex/microtype/mt-cmr.cfg
File: mt-cmr.cfg 2008/02/29 v1.9a microtype config. file: Computer Modern Roman
 (RS)
)

LaTeX Font Warning: Font shape `TS1/gentium/m/n' in size <10.5> not available
(Font)              size <10.95> substituted on input line 49.

[6] [7]) (./book.main.toc
LaTeX Font Info:    Calculating math sizes for size <10.5> on input line 3.


LaTeX Font Warning: Font shape `OT1/cmr/m/n' in size <10.5> not available
(Font)              size <10.95> substituted on input line 3.


LaTeX Font Warning: Font shape `OML/cmm/m/it' in size <10.5> not available
(Font)              size <10.95> substituted on input line 3.


LaTeX Font Warning: Font shape `OMS/cmsy/m/n' in size <10.5> not available
(Font)              size <10.95> substituted on input line 3.

LaTeX Font Info:    External font `cmex10' loaded for size
(Font)              <10.5> on input line 3.
LaTeX Font Info:    External font `cmex10' loaded for size
(Font)              <7.34996> on input line 3.
LaTeX Font Info:    External font `cmex10' loaded for size
(Font)              <5.25> on input line 3.
[8]) [9

] [10

] (./src-tex/frontmatter_intro.tex
(/usr/share/texmf-texlive/tex/latex/ucs/data/uni-1.def
File: uni-1.def 2004/10/17 UCS: Unicode data U+0100..U+01FF
)
Underfull \vbox (badness 10000) has occurred while \output is active []

 [11])
[12] (./src-tex/frontmatter_preface.tex
Underfull \vbox (badness 10000) has occurred while \output is active []

 [13

]
(/usr/share/texmf-texlive/tex/latex/ucs/data/uni-30.def
File: uni-30.def 2004/10/17 UCS: Unicode data U+1E00..U+1EFF
)
Underfull \vbox (badness 10000) has occurred while \output is active []

 [14]
Underfull \vbox (badness 10000) has occurred while \output is active []

 [15]
Underfull \vbox (badness 10000) has occurred while \output is active []

 [16])
[17] [18

] (./src-tex/ringraziamenti.tex) [19] [20

] [21] [22

]
(./src-tex/realita-ultima.tex
Underfull \vbox (badness 10000) has occurred while \output is active []

 [23]
Underfull \vbox (badness 10000) has occurred while \output is active []

 [24]
[25]
Underfull \vbox (badness 10000) has occurred while \output is active []

 [26]
[27]
Underfull \vbox (badness 1694) has occurred while \output is active []

 [28]
Underfull \vbox (badness 1694) has occurred while \output is active []

 [29]
[30]) [31] [32

] (./src-tex/il-luogo.tex [33]
Underfull \vbox (badness 10000) has occurred while \output is active []

 [34]
LaTeX Font Info:    External font `cmex10' loaded for size
(Font)              <9> on input line 36.
LaTeX Font Info:    External font `cmex10' loaded for size
(Font)              <6> on input line 36.
LaTeX Font Info:    External font `cmex10' loaded for size
(Font)              <5> on input line 36.

[35] [36]
Underfull \vbox (badness 10000) has occurred while \output is active []

 [37]
Underfull \vbox (badness 10000) has occurred while \output is active []

 [38]
Underfull \vbox (badness 7468) has occurred while \output is active []

 [39]
[40]
Underfull \vbox (badness 10000) has occurred while \output is active []

 [41]
[42] [43]
Underfull \vbox (badness 1694) has occurred while \output is active []

 [44]
Underfull \vbox (badness 10000) has occurred while \output is active []

 [45])
[46] [47

] [48

] (./src-tex/la-visione.tex
(/usr/share/texmf-texlive/tex/latex/ucs/data/uni-32.def
File: uni-32.def 2004/10/17 UCS: Unicode data U+2000..U+20FF
) [49] [50]
Underfull \vbox (badness 10000) has occurred while \output is active []

 [51]
Underfull \vbox (badness 10000) has occurred while \output is active []

 [52]
[53] [54]
Underfull \vbox (badness 10000) has occurred while \output is active []

 [55]
[56]
Underfull \vbox (badness 10000) has occurred while \output is active []

 [57]
[58]
Underfull \vbox (badness 10000) has occurred while \output is active []

 [59]
Underfull \vbox (badness 10000) has occurred while \output is active []

 [60]
[61] [62]
Underfull \vbox (badness 10000) has occurred while \output is active []

 [63])
[64] (./src-tex/la-cessazione.tex [65

]
Underfull \vbox (badness 10000) has occurred while \output is active []

 [66]
Underfull \vbox (badness 10000) has occurred while \output is active []

 [67]
Underfull \vbox (badness 10000) has occurred while \output is active []

 [68]
[69] [70] [71]
Underfull \vbox (badness 10000) has occurred while \output is active []

 [72]
Underfull \vbox (badness 10000) has occurred while \output is active []

 [73]
[74]
Underfull \vbox (badness 10000) has occurred while \output is active []

 [75]
Underfull \vbox (badness 7468) has occurred while \output is active []

 [76]
Underfull \vbox (badness 10000) has occurred while \output is active []

 [77])
[78] (./src-tex/immanente-e-transcendente.tex
Underfull \vbox (badness 10000) has occurred while \output is active []

 [79

]
Underfull \vbox (badness 1694) has occurred while \output is active []

 [80]
Underfull \vbox (badness 10000) has occurred while \output is active []

 [81]
Underfull \vbox (badness 10000) has occurred while \output is active []

 [82]
Underfull \vbox (badness 10000) has occurred while \output is active []

 [83]
[84]
Underfull \vbox (badness 10000) has occurred while \output is active []

 [85]
Underfull \vbox (badness 1715) has occurred while \output is active []

 [86]
Underfull \vbox (badness 10000) has occurred while \output is active []

 [87]
[88]
Underfull \vbox (badness 10000) has occurred while \output is active []

 [89]
[90]
Underfull \vbox (badness 3792) has occurred while \output is active []

 [91]
Underfull \vbox (badness 10000) has occurred while \output is active []

 [92]
Underfull \vbox (badness 10000) has occurred while \output is active []

 [93]
[94]) [95] [96

] [97] [98

] (./src-tex/non-ce-un-buddha-altrove.tex [99]
Underfull \vbox (badness 10000) has occurred while \output is active []

 [100]
Underfull \vbox (badness 7468) has occurred while \output is active []

 [101]
[102]
Underfull \vbox (badness 10000) has occurred while \output is active []

 [103]
Underfull \vbox (badness 7468) has occurred while \output is active []

 [104]
[105] [106]
Underfull \vbox (badness 10000) has occurred while \output is active []

 [107]
[108]
Underfull \vbox (badness 10000) has occurred while \output is active []

 [109]
Underfull \vbox (badness 10000) has occurred while \output is active []

 [110]
Underfull \vbox (badness 10000) has occurred while \output is active []

 [111]
Underfull \vbox (badness 10000) has occurred while \output is active []

 [112]
Underfull \vbox (badness 7468) has occurred while \output is active []

 [113]
Underfull \vbox (badness 10000) has occurred while \output is active []

 [114]
Underfull \vbox (badness 10000) has occurred while \output is active []

 [115])
[116] (./src-tex/scendere-dalla-routa.tex [117

] [118]
Underfull \vbox (badness 10000) has occurred while \output is active []

 [119]
Underfull \vbox (badness 10000) has occurred while \output is active []

 [120]
[121]
Underfull \vbox (badness 10000) has occurred while \output is active []

 [122]
Underfull \vbox (badness 10000) has occurred while \output is active []

 [123]
[124]
Underfull \vbox (badness 10000) has occurred while \output is active []

 [125]
Underfull \vbox (badness 1694) has occurred while \output is active []

 [126]
[127]
Underfull \vbox (badness 10000) has occurred while \output is active []

 [128]
Underfull \vbox (badness 10000) has occurred while \output is active []

 [129]
[130]
Underfull \vbox (badness 10000) has occurred while \output is active []

 [131]
Underfull \vbox (badness 10000) has occurred while \output is active []

 [132]
[133] [134]
Underfull \vbox (badness 10000) has occurred while \output is active []

 [135]
[136]) [137] [138

] (./src-tex/il-ritiro-portatile.tex [139]
Underfull \vbox (badness 10000) has occurred while \output is active []

 [140]
Underfull \vbox (badness 10000) has occurred while \output is active []

 [141]
[142] [143] [144] [145]) [146] (./src-tex/canti-scelti.tex [147

]
Underfull \hbox (badness 10000) in paragraph at lines 53--81

 []

[148] [149]
Underfull \vbox (badness 10000) has occurred while \output is active []

 [150]
[151]
Underfull \vbox (badness 1796) has occurred while \output is active []

 [152]
[153] [154]
Underfull \vbox (badness 10000) has occurred while \output is active []

 [155]
[156]) [157] [158

] (./src-tex/glossary.tex
Underfull \vbox (badness 10000) has occurred while \output is active []

 [159]
Underfull \vbox (badness 10000) has occurred while \output is active []

 [160]
Underfull \vbox (badness 10000) has occurred while \output is active []

 [161]
Underfull \vbox (badness 10000) has occurred while \output is active []

 [162]
Underfull \vbox (badness 10000) has occurred while \output is active []

 [163]
Underfull \vbox (badness 10000) has occurred while \output is active []

 [164])
[165] [166

] [167]
No complaints by nag.
\tf@toc=\write4
\openout4 = `book.main.toc'.

(./book.main.aux)

LaTeX Font Warning: Size substitutions with differences
(Font)              up to 0.45pt have occurred.


LaTeX Font Warning: Some font shapes were not available, defaults substituted.

 ) 
Here is how much of TeX's memory you used:
 14844 strings out of 495010
 211981 string characters out of 1180693
 328685 words of memory out of 3000000
 17280 multiletter control sequences out of 15000+50000
 185617 words of font info for 249 fonts, out of 3000000 for 9000
 36 hyphenation exceptions out of 8191
 51i,12n,37p,1814b,510s stack positions out of 5000i,500n,10000p,200000b,50000s
{/home/rakuen/.texmf-var/fonts/enc/dvips/lcdftools/a_uv6las.enc}</home/rakuen
/.texmf-var/fonts/truetype/lcdftools/GentiumBasic/GenBasBI.ttf></home/rakuen/.t
exmf-var/fonts/truetype/lcdftools/GentiumBasic/GenBasB.ttf>{/home/rakuen/.texmf
-var/fonts/enc/dvips/lcdftools/a_2fq4f5.enc} </home/rakuen/.texmf-var/fonts/pk/
ljfour/jknappen/ec/tcrm1095.600pk>{/home/rakuen/.texmf-var/fonts/enc/dvips/lcdf
tools/a_h4ur5p.enc}</home/rakuen/.texmf-var/fonts/truetype/lcdftools/Gentium/Ge
nR102.ttf></home/rakuen/.texmf-var/fonts/truetype/lcdftools/Gentium/GenI102.ttf
></home/rakuen/.texmf-var/fonts/type1/lcdftools/ArnoPro/ArnoPro-Regular.pfb></u
sr/share/texmf-texlive/fonts/type1/public/amsfonts/cm/cmr10.pfb>
Output written on book.main.pdf (167 pages, 620084 bytes).
PDF statistics:
 1011 PDF objects out of 1200 (max. 8388607)
 259 named destinations out of 1000 (max. 500000)
 30457 words of extra memory for PDF output out of 35830 (max. 10000000)

